  FrameworkPCH.cpp
  cJSON.c
  lodepng.cpp
  Helpers.cpp
  ShaderProgram.cpp
  SceneManagerBase.cpp
  Scene.cpp
  SceneNode.cpp
  ScoreDisplay.cpp
  ResourceManager.cpp
  ParticleSystem.cpp
  ParticleRenderer.cpp
  ParticleEmitter.cpp
  Mesh.cpp
  MyMatrix.cpp
  Node.cpp
  Graph.cpp
  Edge.cpp
  WGLExtensions.cpp
  GLHelpers.cpp
  GLExtensions.cpp
  GameObject.cpp
  Camera.cpp
  Generating Code...
  Compiling...
  GameCore.cpp
  FrameworkMain.cpp
  InputEvent.cpp
  EventManager.cpp
  Event.cpp
  CollisionEvent.cpp
  CollisionSystem.cpp
  Collider.cpp
  CircleCollider.cpp
  Generating Code...
  Framework.vcxproj -> D:\Folders\Documents\_School\Algonquin\Second Year\Game Programming\Assignments\17F_Game2\FinalProject\Output\Framework\Debug\Framework.lib
